<?xml version="1.0" encoding="UTF-8"?>
<!-- Generated by org.testng.reporters.JUnitReportReporter -->
<testsuite hostname="LAPTOP-CEFU9615" failures="0" tests="1" name="com.crm.qa.baselayer.Testbaseclass" time="8.457" errors="0" timestamp="06 Dec 2018 06:14:02 GMT" skipped="0">
  <testcase classname="com.crm.qa.baselayer.Testbaseclass" name="initialization" time="8.457"/>
</testsuite> <!-- com.crm.qa.baselayer.Testbaseclass -->
