<?xml version="1.0" encoding="UTF-8"?>
<!-- Generated by org.testng.reporters.JUnitReportReporter -->
<testsuite hostname="LAPTOP-CEFU9615" failures="0" tests="3" name="com.crm.qa.testlayer.contactspagetest" time="24.915" errors="0" timestamp="16 Dec 2018 22:28:35 GMT" skipped="1">
  <testcase classname="com.crm.qa.testlayer.contactspagetest" name="displaycontactname" time="12.894"/>
  <testcase classname="com.crm.qa.testlayer.contactspagetest" name="checkbx" time="12.021"/>
  <testcase classname="com.crm.qa.testlayer.contactspagetest" name="contactformfill">
    <skipped/>
  </testcase> <!-- contactformfill -->
</testsuite> <!-- com.crm.qa.testlayer.contactspagetest -->
