<?xml version="1.0" encoding="UTF-8"?>
<!-- Generated by org.testng.reporters.JUnitReportReporter -->
<testsuite hostname="LAPTOP-CEFU9615" failures="0" tests="4" name="com.crm.qa.testlayer.Homepagetest" time="33.982" errors="0" timestamp="09 Dec 2018 07:07:28 GMT" skipped="1">
  <testcase classname="com.crm.qa.testlayer.Homepagetest" name="verifyhomeptitletest" time="12.087"/>
  <testcase classname="com.crm.qa.testlayer.Homepagetest" name="verifyname" time="10.166"/>
  <testcase classname="com.crm.qa.testlayer.Homepagetest" name="contactnew" time="11.729"/>
  <testcase classname="com.crm.qa.testlayer.Homepagetest" name="contactclick">
    <skipped/>
  </testcase> <!-- contactclick -->
</testsuite> <!-- com.crm.qa.testlayer.Homepagetest -->
