<?xml version="1.0" encoding="UTF-8"?>
<!-- Generated by org.testng.reporters.JUnitReportReporter -->
<testsuite hostname="LAPTOP-CEFU9615" failures="0" tests="1" name="com.crm.qa.pages.Loginpage" time="7.033" errors="0" timestamp="06 Dec 2018 06:18:03 GMT" skipped="0">
  <testcase classname="com.crm.qa.pages.Loginpage" name="initialization" time="7.033"/>
</testsuite> <!-- com.crm.qa.pages.Loginpage -->
