<?xml version="1.0" encoding="UTF-8"?>
<!-- Generated by org.testng.reporters.JUnitReportReporter -->
<testsuite hostname="LAPTOP-CEFU9615" failures="0" tests="2" name="com.crm.qa.testlayer.Logintest" time="15.878" errors="0" timestamp="16 Dec 2018 22:28:35 GMT" skipped="0">
  <testcase classname="com.crm.qa.testlayer.Logintest" name="loginpagettitletest" time="9.445"/>
  <testcase classname="com.crm.qa.testlayer.Logintest" name="imgprsnc" time="6.433"/>
</testsuite> <!-- com.crm.qa.testlayer.Logintest -->
